c:\users\david.somekh\dropbox\code\mfc\cef\cefmfcdemo\x64\debug\cefmfcdemo.pch
c:\users\david.somekh\dropbox\code\mfc\cef\cefmfcdemo\x64\debug\stdafx.obj
c:\users\david.somekh\dropbox\code\mfc\cef\cefmfcdemo\x64\debug\mainfrm.obj
c:\users\david.somekh\dropbox\code\mfc\cef\cefmfcdemo\x64\debug\clienthandler.obj
c:\users\david.somekh\dropbox\code\mfc\cef\cefmfcdemo\x64\debug\cefwindowshelpers.obj
c:\users\david.somekh\dropbox\code\mfc\cef\cefmfcdemo\x64\debug\cefview.obj
c:\users\david.somekh\dropbox\code\mfc\cef\cefmfcdemo\x64\debug\cefmfcdemo.obj
c:\users\david.somekh\dropbox\code\mfc\cef\cefmfcdemo\x64\debug\cefdoc.obj
c:\users\david.somekh\dropbox\code\mfc\cef\cefmfcdemo\debug\cefmfcdemo.exe
c:\users\david.somekh\dropbox\code\mfc\cef\cefmfcdemo\debug\cefmfcdemo.ilk
c:\users\david.somekh\dropbox\code\mfc\cef\cefmfcdemo\debug\cefmfcdemo.pdb
c:\users\david.somekh\dropbox\code\mfc\cef\cefmfcdemo\x64\debug\cefmfcdemo.res
c:\users\david.somekh\dropbox\code\mfc\cef\cefmfcdemo\x64\debug\cefmfcdemo.tlog\cl.command.1.tlog
c:\users\david.somekh\dropbox\code\mfc\cef\cefmfcdemo\x64\debug\cefmfcdemo.tlog\cl.read.1.tlog
c:\users\david.somekh\dropbox\code\mfc\cef\cefmfcdemo\x64\debug\cefmfcdemo.tlog\cl.write.1.tlog
c:\users\david.somekh\dropbox\code\mfc\cef\cefmfcdemo\x64\debug\cefmfcdemo.tlog\link.19752.read.1.tlog
c:\users\david.somekh\dropbox\code\mfc\cef\cefmfcdemo\x64\debug\cefmfcdemo.tlog\link.command.1.tlog
c:\users\david.somekh\dropbox\code\mfc\cef\cefmfcdemo\x64\debug\cefmfcdemo.tlog\link.read.1.tlog
c:\users\david.somekh\dropbox\code\mfc\cef\cefmfcdemo\x64\debug\cefmfcdemo.tlog\link.write.1.tlog
c:\users\david.somekh\dropbox\code\mfc\cef\cefmfcdemo\x64\debug\cefmfcdemo.tlog\rc.command.1.tlog
c:\users\david.somekh\dropbox\code\mfc\cef\cefmfcdemo\x64\debug\cefmfcdemo.tlog\rc.read.1.tlog
c:\users\david.somekh\dropbox\code\mfc\cef\cefmfcdemo\x64\debug\cefmfcdemo.tlog\rc.write.1.tlog
