  Building Custom Rule C:\Users\david.somekh\Dropbox\Code\MFC\CEF\libcef_dll/CMakeLists.txt
  CMake is re-running because C:\Users\david.somekh\Dropbox\Code\MFC\CEF\libcef_dll_wrapper/CMakeFiles/generate.stamp is out-of-date.
    the file 'C:/cef/libcef_dll/CMakeLists.txt'
    is newer than 'C:\Users\david.somekh\Dropbox\Code\MFC\CEF\libcef_dll_wrapper/CMakeFiles/generate.stamp.depend'
    result='0'
  -- Selecting Windows SDK version 10.0.16299.0 to target Windows 10.0.18363.
  CMake Warning (dev) at CMakeLists.txt:187 (find_package):
    Policy CMP0074 is not set: find_package uses <PackageName>_ROOT variables.
    Run "cmake --help-policy CMP0074" for policy details.  Use the cmake_policy
    command to set the policy and suppress this warning.
  
    CMake variable CEF_ROOT is set to:
  
      C:/Users/david.somekh/Dropbox/Code/MFC/CEF
  
    For compatibility, CMake is ignoring the variable.
  This warning is for project developers.  Use -Wno-dev to suppress it.
  
  -- *** CEF CONFIGURATION SETTINGS ***
  -- Generator:                    Visual Studio 15 2017
  -- Platform:                     Windows
  -- Project architecture:         x86
  -- Binary distribution root:     C:/Users/david.somekh/Dropbox/Code/MFC/CEF
  -- Visual Studio ATL support:    ON
  -- CEF sandbox:                  ON
  -- Standard libraries:           comctl32.lib;rpcrt4.lib;shlwapi.lib;ws2_32.lib;dbghelp.lib;Delayimp.lib;PowrProf.lib;Propsys.lib;psapi.lib;SetupAPI.lib;version.lib;wbemuuid.lib;winmm.lib
  -- Compile defines:              __STDC_CONSTANT_MACROS;__STDC_FORMAT_MACROS;WIN32;_WIN32;_WINDOWS;UNICODE;_UNICODE;WINVER=0x0601;_WIN32_WINNT=0x601;NOMINMAX;WIN32_LEAN_AND_MEAN;_HAS_EXCEPTIONS=0;PSAPI_VERSION=1;CEF_USE_SANDBOX;CEF_USE_ATL
  -- Compile defines (Debug):      
  -- Compile defines (Release):    NDEBUG;_NDEBUG
  -- C compile flags:              /MP;/Gy;/GR-;/W4;/WX;/wd4100;/wd4127;/wd4244;/wd4481;/wd4512;/wd4701;/wd4702;/wd4996;/Zi 
  -- C compile flags (Debug):      /MTd;/RTC1;/Od 
  -- C compile flags (Release):    /MT;/O2;/Ob2;/GF 
  -- C++ compile flags:            /MP;/Gy;/GR-;/W4;/WX;/wd4100;/wd4127;/wd4244;/wd4481;/wd4512;/wd4701;/wd4702;/wd4996;/Zi 
  -- C++ compile flags (Debug):    /MTd;/RTC1;/Od 
  -- C++ compile flags (Release):  /MT;/O2;/Ob2;/GF 
  -- Exe link flags:                /MANIFEST:NO;/LARGEADDRESSAWARE
  -- Exe link flags (Debug):       /DEBUG 
  -- Exe link flags (Release):      
  -- Shared link flags:             
  -- Shared link flags (Debug):    /DEBUG 
  -- Shared link flags (Release):   
  -- CEF Binary files:             chrome_elf.dll;d3dcompiler_47.dll;libcef.dll;libEGL.dll;libGLESv2.dll;snapshot_blob.bin;v8_context_snapshot.bin;swiftshader
  -- CEF Resource files:           cef.pak;cef_100_percent.pak;cef_200_percent.pak;cef_extensions.pak;devtools_resources.pak;icudtl.dat;locales
  -- Configuring done
  -- Generating done
  -- Build files have been written to: C:/Users/david.somekh/Dropbox/Code/MFC/CEF/Build
  shutdown_checker.cc
  transfer_util.cc
  cef_atomicops_x86_gcc.cc
  cef_bind_helpers.cc
  cef_callback_helpers.cc
  cef_callback_internal.cc
  cef_lock.cc
  cef_lock_impl.cc
  cef_logging.cc
  cef_ref_counted.cc
  cef_string16.cc
  cef_thread_checker_impl.cc
  cef_weak_ptr.cc
  accessibility_handler_cpptoc.cc
  app_cpptoc.cc
  audio_handler_cpptoc.cc
  base_ref_counted_cpptoc.cc
  base_scoped_cpptoc.cc
  browser_process_handler_cpptoc.cc
  client_cpptoc.cc
  completion_callback_cpptoc.cc
  context_menu_handler_cpptoc.cc
  cookie_access_filter_cpptoc.cc
  cookie_visitor_cpptoc.cc
  delete_cookies_callback_cpptoc.cc
  dev_tools_message_observer_cpptoc.cc
  dialog_handler_cpptoc.cc
  display_handler_cpptoc.cc
  domvisitor_cpptoc.cc
  download_handler_cpptoc.cc
  download_image_callback_cpptoc.cc
  drag_handler_cpptoc.cc
  end_tracing_callback_cpptoc.cc
  extension_handler_cpptoc.cc
  find_handler_cpptoc.cc
  focus_handler_cpptoc.cc
  jsdialog_handler_cpptoc.cc
  keyboard_handler_cpptoc.cc
  life_span_handler_cpptoc.cc
  load_handler_cpptoc.cc
  media_observer_cpptoc.cc
  media_route_create_callback_cpptoc.cc
  media_sink_device_info_callback_cpptoc.cc
  menu_model_delegate_cpptoc.cc
  navigation_entry_visitor_cpptoc.cc
  pdf_print_callback_cpptoc.cc
  print_handler_cpptoc.cc
  read_handler_cpptoc.cc
  register_cdm_callback_cpptoc.cc
  render_handler_cpptoc.cc
  render_process_handler_cpptoc.cc
  request_context_handler_cpptoc.cc
  request_handler_cpptoc.cc
  resolve_callback_cpptoc.cc
  resource_bundle_handler_cpptoc.cc
  resource_handler_cpptoc.cc
  resource_request_handler_cpptoc.cc
  response_filter_cpptoc.cc
  run_file_dialog_callback_cpptoc.cc
  scheme_handler_factory_cpptoc.cc
  server_handler_cpptoc.cc
  set_cookie_callback_cpptoc.cc
  string_visitor_cpptoc.cc
  task_cpptoc.cc
  urlrequest_client_cpptoc.cc
  v8accessor_cpptoc.cc
  v8array_buffer_release_callback_cpptoc.cc
  v8handler_cpptoc.cc
  v8interceptor_cpptoc.cc
  web_plugin_info_visitor_cpptoc.cc
  web_plugin_unstable_callback_cpptoc.cc
  write_handler_cpptoc.cc
  translator_test_ref_ptr_client_child_cpptoc.cc
  translator_test_ref_ptr_client_cpptoc.cc
  translator_test_scoped_client_child_cpptoc.cc
  translator_test_scoped_client_cpptoc.cc
  browser_view_delegate_cpptoc.cc
  button_delegate_cpptoc.cc
  menu_button_delegate_cpptoc.cc
  panel_delegate_cpptoc.cc
  textfield_delegate_cpptoc.cc
  view_delegate_cpptoc.cc
  window_delegate_cpptoc.cc
  auth_callback_ctocpp.cc
  before_download_callback_ctocpp.cc
  binary_value_ctocpp.cc
  browser_ctocpp.cc
  browser_host_ctocpp.cc
  callback_ctocpp.cc
  command_line_ctocpp.cc
  context_menu_params_ctocpp.cc
  cookie_manager_ctocpp.cc
  dictionary_value_ctocpp.cc
  domdocument_ctocpp.cc
  domnode_ctocpp.cc
  download_item_callback_ctocpp.cc
  download_item_ctocpp.cc
  drag_data_ctocpp.cc
  extension_ctocpp.cc
  file_dialog_callback_ctocpp.cc
  frame_ctocpp.cc
  get_extension_resource_callback_ctocpp.cc
  image_ctocpp.cc
  jsdialog_callback_ctocpp.cc
  list_value_ctocpp.cc
  media_route_ctocpp.cc
  media_router_ctocpp.cc
  media_sink_ctocpp.cc
  media_source_ctocpp.cc
  menu_model_ctocpp.cc
  navigation_entry_ctocpp.cc
  post_data_ctocpp.cc
  post_data_element_ctocpp.cc
  print_dialog_callback_ctocpp.cc
  print_job_callback_ctocpp.cc
  print_settings_ctocpp.cc
  process_message_ctocpp.cc
  registration_ctocpp.cc
  request_callback_ctocpp.cc
  request_context_ctocpp.cc
  request_ctocpp.cc
  resource_bundle_ctocpp.cc
  resource_read_callback_ctocpp.cc
  resource_skip_callback_ctocpp.cc
  response_ctocpp.cc
  run_context_menu_callback_ctocpp.cc
  scheme_registrar_ctocpp.cc
  select_client_certificate_callback_ctocpp.cc
  server_ctocpp.cc
  sslinfo_ctocpp.cc
  sslstatus_ctocpp.cc
  stream_reader_ctocpp.cc
  stream_writer_ctocpp.cc
  task_runner_ctocpp.cc
  thread_ctocpp.cc
  urlrequest_ctocpp.cc
  v8context_ctocpp.cc
  v8exception_ctocpp.cc
  v8stack_frame_ctocpp.cc
  v8stack_trace_ctocpp.cc
  v8value_ctocpp.cc
  value_ctocpp.cc
  waitable_event_ctocpp.cc
  web_plugin_info_ctocpp.cc
  x509cert_principal_ctocpp.cc
  x509certificate_ctocpp.cc
  xml_reader_ctocpp.cc
  zip_reader_ctocpp.cc
  translator_test_ctocpp.cc
  translator_test_ref_ptr_library_child_child_ctocpp.cc
  translator_test_ref_ptr_library_child_ctocpp.cc
  translator_test_ref_ptr_library_ctocpp.cc
  translator_test_scoped_library_child_child_ctocpp.cc
  translator_test_scoped_library_child_ctocpp.cc
  translator_test_scoped_library_ctocpp.cc
  box_layout_ctocpp.cc
  browser_view_ctocpp.cc
  button_ctocpp.cc
  display_ctocpp.cc
  fill_layout_ctocpp.cc
  label_button_ctocpp.cc
  layout_ctocpp.cc
  menu_button_ctocpp.cc
  menu_button_pressed_lock_ctocpp.cc
  panel_ctocpp.cc
  scroll_view_ctocpp.cc
  textfield_ctocpp.cc
  view_ctocpp.cc
  window_ctocpp.cc
  cef_byte_read_handler.cc
  cef_closure_task.cc
  cef_message_router.cc
  cef_resource_manager.cc
  cef_scoped_temp_dir.cc
  cef_stream_resource_handler.cc
  cef_xml_object.cc
  cef_zip_archive.cc
  libcef_dll_wrapper.cc
  libcef_dll_wrapper2.cc
cef_string16.obj : warning LNK4221: This object file does not define any previously undefined public symbols, so it will not be used by any link operation that consumes this library
  libcef_dll_wrapper.vcxproj -> C:\Users\david.somekh\Dropbox\Code\MFC\CEF\cefmfcdemo\Debug\libcef_dll_wrapper.lib
