c:\users\david.somekh\dropbox\code\mfc\cef\libcef_dll_wrapper\x64\debug\shutdown_checker.obj
c:\users\david.somekh\dropbox\code\mfc\cef\libcef_dll_wrapper\x64\debug\transfer_util.obj
c:\users\david.somekh\dropbox\code\mfc\cef\libcef_dll_wrapper\x64\debug\cef_string16.obj
c:\users\david.somekh\dropbox\code\mfc\cef\libcef_dll_wrapper\x64\debug\libcef_dll_wrapper2.obj
c:\users\david.somekh\dropbox\code\mfc\cef\libcef_dll_wrapper\x64\debug\app_cpptoc.obj
c:\users\david.somekh\dropbox\code\mfc\cef\libcef_dll_wrapper\x64\debug\cookie_visitor_cpptoc.obj
c:\users\david.somekh\dropbox\code\mfc\cef\libcef_dll_wrapper\x64\debug\download_handler_cpptoc.obj
c:\users\david.somekh\dropbox\code\mfc\cef\libcef_dll_wrapper\x64\debug\load_handler_cpptoc.obj
c:\users\david.somekh\dropbox\code\mfc\cef\libcef_dll_wrapper\x64\debug\register_cdm_callback_cpptoc.obj
c:\users\david.somekh\dropbox\code\mfc\cef\libcef_dll_wrapper\x64\debug\resource_bundle_handler_cpptoc.obj
c:\users\david.somekh\dropbox\code\mfc\cef\libcef_dll_wrapper\x64\debug\set_cookie_callback_cpptoc.obj
c:\users\david.somekh\dropbox\code\mfc\cef\libcef_dll_wrapper\x64\debug\web_plugin_unstable_callback_cpptoc.obj
c:\users\david.somekh\dropbox\code\mfc\cef\libcef_dll_wrapper\x64\debug\translator_test_scoped_client_cpptoc.obj
c:\users\david.somekh\dropbox\code\mfc\cef\libcef_dll_wrapper\x64\debug\auth_callback_ctocpp.obj
c:\users\david.somekh\dropbox\code\mfc\cef\libcef_dll_wrapper\x64\debug\context_menu_params_ctocpp.obj
c:\users\david.somekh\dropbox\code\mfc\cef\libcef_dll_wrapper\x64\debug\extension_ctocpp.obj
c:\users\david.somekh\dropbox\code\mfc\cef\libcef_dll_wrapper\x64\debug\media_sink_ctocpp.obj
c:\users\david.somekh\dropbox\code\mfc\cef\libcef_dll_wrapper\x64\debug\print_settings_ctocpp.obj
c:\users\david.somekh\dropbox\code\mfc\cef\libcef_dll_wrapper\x64\debug\resource_skip_callback_ctocpp.obj
c:\users\david.somekh\dropbox\code\mfc\cef\libcef_dll_wrapper\x64\debug\stream_reader_ctocpp.obj
c:\users\david.somekh\dropbox\code\mfc\cef\libcef_dll_wrapper\x64\debug\v8stack_trace_ctocpp.obj
c:\users\david.somekh\dropbox\code\mfc\cef\libcef_dll_wrapper\x64\debug\base_scoped_cpptoc.obj
c:\users\david.somekh\dropbox\code\mfc\cef\libcef_dll_wrapper\x64\debug\delete_cookies_callback_cpptoc.obj
c:\users\david.somekh\dropbox\code\mfc\cef\libcef_dll_wrapper\x64\debug\drag_handler_cpptoc.obj
c:\users\david.somekh\dropbox\code\mfc\cef\libcef_dll_wrapper\x64\debug\media_observer_cpptoc.obj
c:\users\david.somekh\dropbox\code\mfc\cef\libcef_dll_wrapper\x64\debug\pdf_print_callback_cpptoc.obj
c:\users\david.somekh\dropbox\code\mfc\cef\libcef_dll_wrapper\x64\debug\resource_handler_cpptoc.obj
c:\users\david.somekh\dropbox\code\mfc\cef\libcef_dll_wrapper\x64\debug\task_cpptoc.obj
c:\users\david.somekh\dropbox\code\mfc\cef\libcef_dll_wrapper\x64\debug\write_handler_cpptoc.obj
c:\users\david.somekh\dropbox\code\mfc\cef\libcef_dll_wrapper\x64\debug\panel_delegate_cpptoc.obj
c:\users\david.somekh\dropbox\code\mfc\cef\libcef_dll_wrapper\x64\debug\browser_host_ctocpp.obj
c:\users\david.somekh\dropbox\code\mfc\cef\libcef_dll_wrapper\x64\debug\download_item_callback_ctocpp.obj
c:\users\david.somekh\dropbox\code\mfc\cef\libcef_dll_wrapper\x64\debug\list_value_ctocpp.obj
c:\users\david.somekh\dropbox\code\mfc\cef\libcef_dll_wrapper\x64\debug\post_data_element_ctocpp.obj
c:\users\david.somekh\dropbox\code\mfc\cef\libcef_dll_wrapper\x64\debug\request_ctocpp.obj
c:\users\david.somekh\dropbox\code\mfc\cef\libcef_dll_wrapper\x64\debug\select_client_certificate_callback_ctocpp.obj
c:\users\david.somekh\dropbox\code\mfc\cef\libcef_dll_wrapper\x64\debug\urlrequest_ctocpp.obj
c:\users\david.somekh\dropbox\code\mfc\cef\libcef_dll_wrapper\x64\debug\completion_callback_cpptoc.obj
c:\users\david.somekh\dropbox\code\mfc\cef\libcef_dll_wrapper\x64\debug\display_handler_cpptoc.obj
c:\users\david.somekh\dropbox\code\mfc\cef\libcef_dll_wrapper\x64\debug\focus_handler_cpptoc.obj
c:\users\david.somekh\dropbox\code\mfc\cef\libcef_dll_wrapper\x64\debug\navigation_entry_visitor_cpptoc.obj
c:\users\david.somekh\dropbox\code\mfc\cef\libcef_dll_wrapper\x64\debug\request_handler_cpptoc.obj
c:\users\david.somekh\dropbox\code\mfc\cef\libcef_dll_wrapper\x64\debug\server_handler_cpptoc.obj
c:\users\david.somekh\dropbox\code\mfc\cef\libcef_dll_wrapper\x64\debug\v8interceptor_cpptoc.obj
c:\users\david.somekh\dropbox\code\mfc\cef\libcef_dll_wrapper\x64\debug\menu_button_delegate_cpptoc.obj
c:\users\david.somekh\dropbox\code\mfc\cef\libcef_dll_wrapper\x64\debug\browser_ctocpp.obj
c:\users\david.somekh\dropbox\code\mfc\cef\libcef_dll_wrapper\x64\debug\domnode_ctocpp.obj
c:\users\david.somekh\dropbox\code\mfc\cef\libcef_dll_wrapper\x64\debug\image_ctocpp.obj
c:\users\david.somekh\dropbox\code\mfc\cef\libcef_dll_wrapper\x64\debug\navigation_entry_ctocpp.obj
c:\users\david.somekh\dropbox\code\mfc\cef\libcef_dll_wrapper\x64\debug\request_callback_ctocpp.obj
c:\users\david.somekh\dropbox\code\mfc\cef\libcef_dll_wrapper\x64\debug\scheme_registrar_ctocpp.obj
c:\users\david.somekh\dropbox\code\mfc\cef\libcef_dll_wrapper\x64\debug\thread_ctocpp.obj
c:\users\david.somekh\dropbox\code\mfc\cef\libcef_dll_wrapper\x64\debug\waitable_event_ctocpp.obj
c:\users\david.somekh\dropbox\code\mfc\cef\libcef_dll_wrapper\x64\debug\base_ref_counted_cpptoc.obj
c:\users\david.somekh\dropbox\code\mfc\cef\libcef_dll_wrapper\x64\debug\cookie_access_filter_cpptoc.obj
c:\users\david.somekh\dropbox\code\mfc\cef\libcef_dll_wrapper\x64\debug\end_tracing_callback_cpptoc.obj
c:\users\david.somekh\dropbox\code\mfc\cef\libcef_dll_wrapper\x64\debug\life_span_handler_cpptoc.obj
c:\users\david.somekh\dropbox\code\mfc\cef\libcef_dll_wrapper\x64\debug\read_handler_cpptoc.obj
c:\users\david.somekh\dropbox\code\mfc\cef\libcef_dll_wrapper\x64\debug\resolve_callback_cpptoc.obj
c:\users\david.somekh\dropbox\code\mfc\cef\libcef_dll_wrapper\x64\debug\string_visitor_cpptoc.obj
c:\users\david.somekh\dropbox\code\mfc\cef\libcef_dll_wrapper\x64\debug\web_plugin_info_visitor_cpptoc.obj
c:\users\david.somekh\dropbox\code\mfc\cef\libcef_dll_wrapper\x64\debug\browser_view_delegate_cpptoc.obj
c:\users\david.somekh\dropbox\code\mfc\cef\libcef_dll_wrapper\x64\debug\before_download_callback_ctocpp.obj
c:\users\david.somekh\dropbox\code\mfc\cef\libcef_dll_wrapper\x64\debug\domdocument_ctocpp.obj
c:\users\david.somekh\dropbox\code\mfc\cef\libcef_dll_wrapper\x64\debug\frame_ctocpp.obj
c:\users\david.somekh\dropbox\code\mfc\cef\libcef_dll_wrapper\x64\debug\menu_model_ctocpp.obj
c:\users\david.somekh\dropbox\code\mfc\cef\libcef_dll_wrapper\x64\debug\registration_ctocpp.obj
c:\users\david.somekh\dropbox\code\mfc\cef\libcef_dll_wrapper\x64\debug\run_context_menu_callback_ctocpp.obj
c:\users\david.somekh\dropbox\code\mfc\cef\libcef_dll_wrapper\x64\debug\task_runner_ctocpp.obj
c:\users\david.somekh\dropbox\code\mfc\cef\libcef_dll_wrapper\x64\debug\value_ctocpp.obj
c:\users\david.somekh\dropbox\code\mfc\cef\libcef_dll_wrapper\x64\debug\audio_handler_cpptoc.obj
c:\users\david.somekh\dropbox\code\mfc\cef\libcef_dll_wrapper\x64\debug\dev_tools_message_observer_cpptoc.obj
c:\users\david.somekh\dropbox\code\mfc\cef\libcef_dll_wrapper\x64\debug\extension_handler_cpptoc.obj
c:\users\david.somekh\dropbox\code\mfc\cef\libcef_dll_wrapper\x64\debug\media_route_create_callback_cpptoc.obj
c:\users\david.somekh\dropbox\code\mfc\cef\libcef_dll_wrapper\x64\debug\render_handler_cpptoc.obj
c:\users\david.somekh\dropbox\code\mfc\cef\libcef_dll_wrapper\x64\debug\response_filter_cpptoc.obj
c:\users\david.somekh\dropbox\code\mfc\cef\libcef_dll_wrapper\x64\debug\urlrequest_client_cpptoc.obj
c:\users\david.somekh\dropbox\code\mfc\cef\libcef_dll_wrapper\x64\debug\translator_test_ref_ptr_client_child_cpptoc.obj
c:\users\david.somekh\dropbox\code\mfc\cef\libcef_dll_wrapper\x64\debug\textfield_delegate_cpptoc.obj
c:\users\david.somekh\dropbox\code\mfc\cef\libcef_dll_wrapper\x64\debug\callback_ctocpp.obj
c:\users\david.somekh\dropbox\code\mfc\cef\libcef_dll_wrapper\x64\debug\download_item_ctocpp.obj
c:\users\david.somekh\dropbox\code\mfc\cef\libcef_dll_wrapper\x64\debug\jsdialog_callback_ctocpp.obj
c:\users\david.somekh\dropbox\code\mfc\cef\libcef_dll_wrapper\x64\debug\post_data_ctocpp.obj
c:\users\david.somekh\dropbox\code\mfc\cef\libcef_dll_wrapper\x64\debug\request_context_ctocpp.obj
c:\users\david.somekh\dropbox\code\mfc\cef\libcef_dll_wrapper\x64\debug\sslinfo_ctocpp.obj
c:\users\david.somekh\dropbox\code\mfc\cef\libcef_dll_wrapper\x64\debug\v8exception_ctocpp.obj
c:\users\david.somekh\dropbox\code\mfc\cef\libcef_dll_wrapper\x64\debug\accessibility_handler_cpptoc.obj
c:\users\david.somekh\dropbox\code\mfc\cef\libcef_dll_wrapper\x64\debug\context_menu_handler_cpptoc.obj
c:\users\david.somekh\dropbox\code\mfc\cef\libcef_dll_wrapper\x64\debug\download_image_callback_cpptoc.obj
c:\users\david.somekh\dropbox\code\mfc\cef\libcef_dll_wrapper\x64\debug\keyboard_handler_cpptoc.obj
c:\users\david.somekh\dropbox\code\mfc\cef\libcef_dll_wrapper\x64\debug\print_handler_cpptoc.obj
c:\users\david.somekh\dropbox\code\mfc\cef\libcef_dll_wrapper\x64\debug\resource_request_handler_cpptoc.obj
c:\users\david.somekh\dropbox\code\mfc\cef\libcef_dll_wrapper\x64\debug\v8accessor_cpptoc.obj
c:\users\david.somekh\dropbox\code\mfc\cef\libcef_dll_wrapper\x64\debug\translator_test_ref_ptr_client_cpptoc.obj
c:\users\david.somekh\dropbox\code\mfc\cef\libcef_dll_wrapper\x64\debug\view_delegate_cpptoc.obj
c:\users\david.somekh\dropbox\code\mfc\cef\libcef_dll_wrapper\x64\debug\command_line_ctocpp.obj
c:\users\david.somekh\dropbox\code\mfc\cef\libcef_dll_wrapper\x64\debug\drag_data_ctocpp.obj
c:\users\david.somekh\dropbox\code\mfc\cef\libcef_dll_wrapper\x64\debug\media_route_ctocpp.obj
c:\users\david.somekh\dropbox\code\mfc\cef\libcef_dll_wrapper\x64\debug\print_dialog_callback_ctocpp.obj
c:\users\david.somekh\dropbox\code\mfc\cef\libcef_dll_wrapper\x64\debug\resource_bundle_ctocpp.obj
c:\users\david.somekh\dropbox\code\mfc\cef\libcef_dll_wrapper\x64\debug\server_ctocpp.obj
c:\users\david.somekh\dropbox\code\mfc\cef\libcef_dll_wrapper\x64\debug\v8context_ctocpp.obj
c:\users\david.somekh\dropbox\code\mfc\cef\libcef_dll_wrapper\x64\debug\client_cpptoc.obj
c:\users\david.somekh\dropbox\code\mfc\cef\libcef_dll_wrapper\x64\debug\domvisitor_cpptoc.obj
c:\users\david.somekh\dropbox\code\mfc\cef\libcef_dll_wrapper\x64\debug\jsdialog_handler_cpptoc.obj
c:\users\david.somekh\dropbox\code\mfc\cef\libcef_dll_wrapper\x64\debug\menu_model_delegate_cpptoc.obj
c:\users\david.somekh\dropbox\code\mfc\cef\libcef_dll_wrapper\x64\debug\request_context_handler_cpptoc.obj
c:\users\david.somekh\dropbox\code\mfc\cef\libcef_dll_wrapper\x64\debug\scheme_handler_factory_cpptoc.obj
c:\users\david.somekh\dropbox\code\mfc\cef\libcef_dll_wrapper\x64\debug\v8handler_cpptoc.obj
c:\users\david.somekh\dropbox\code\mfc\cef\libcef_dll_wrapper\x64\debug\button_delegate_cpptoc.obj
c:\users\david.somekh\dropbox\code\mfc\cef\libcef_dll_wrapper\x64\debug\binary_value_ctocpp.obj
c:\users\david.somekh\dropbox\code\mfc\cef\libcef_dll_wrapper\x64\debug\dictionary_value_ctocpp.obj
c:\users\david.somekh\dropbox\code\mfc\cef\libcef_dll_wrapper\x64\debug\get_extension_resource_callback_ctocpp.obj
c:\users\david.somekh\dropbox\code\mfc\cef\libcef_dll_wrapper\x64\debug\media_source_ctocpp.obj
c:\users\david.somekh\dropbox\code\mfc\cef\libcef_dll_wrapper\x64\debug\process_message_ctocpp.obj
c:\users\david.somekh\dropbox\code\mfc\cef\libcef_dll_wrapper\x64\debug\response_ctocpp.obj
c:\users\david.somekh\dropbox\code\mfc\cef\libcef_dll_wrapper\x64\debug\stream_writer_ctocpp.obj
c:\users\david.somekh\dropbox\code\mfc\cef\libcef_dll_wrapper\x64\debug\v8value_ctocpp.obj
c:\users\david.somekh\dropbox\code\mfc\cef\libcef_dll_wrapper\x64\debug\browser_process_handler_cpptoc.obj
c:\users\david.somekh\dropbox\code\mfc\cef\libcef_dll_wrapper\x64\debug\dialog_handler_cpptoc.obj
c:\users\david.somekh\dropbox\code\mfc\cef\libcef_dll_wrapper\x64\debug\find_handler_cpptoc.obj
c:\users\david.somekh\dropbox\code\mfc\cef\libcef_dll_wrapper\x64\debug\media_sink_device_info_callback_cpptoc.obj
c:\users\david.somekh\dropbox\code\mfc\cef\libcef_dll_wrapper\x64\debug\render_process_handler_cpptoc.obj
c:\users\david.somekh\dropbox\code\mfc\cef\libcef_dll_wrapper\x64\debug\run_file_dialog_callback_cpptoc.obj
c:\users\david.somekh\dropbox\code\mfc\cef\libcef_dll_wrapper\x64\debug\v8array_buffer_release_callback_cpptoc.obj
c:\users\david.somekh\dropbox\code\mfc\cef\libcef_dll_wrapper\x64\debug\translator_test_scoped_client_child_cpptoc.obj
c:\users\david.somekh\dropbox\code\mfc\cef\libcef_dll_wrapper\x64\debug\window_delegate_cpptoc.obj
c:\users\david.somekh\dropbox\code\mfc\cef\libcef_dll_wrapper\x64\debug\cookie_manager_ctocpp.obj
c:\users\david.somekh\dropbox\code\mfc\cef\libcef_dll_wrapper\x64\debug\file_dialog_callback_ctocpp.obj
c:\users\david.somekh\dropbox\code\mfc\cef\libcef_dll_wrapper\x64\debug\media_router_ctocpp.obj
c:\users\david.somekh\dropbox\code\mfc\cef\libcef_dll_wrapper\x64\debug\print_job_callback_ctocpp.obj
c:\users\david.somekh\dropbox\code\mfc\cef\libcef_dll_wrapper\x64\debug\resource_read_callback_ctocpp.obj
c:\users\david.somekh\dropbox\code\mfc\cef\libcef_dll_wrapper\x64\debug\sslstatus_ctocpp.obj
c:\users\david.somekh\dropbox\code\mfc\cef\libcef_dll_wrapper\x64\debug\v8stack_frame_ctocpp.obj
c:\users\david.somekh\dropbox\code\mfc\cef\libcef_dll_wrapper\x64\debug\libcef_dll_wrapper.pdb
c:\users\david.somekh\dropbox\code\mfc\cef\libcef_dll_wrapper\x64\debug\layout_ctocpp.obj
c:\users\david.somekh\dropbox\code\mfc\cef\libcef_dll_wrapper\x64\debug\window_ctocpp.obj
c:\users\david.somekh\dropbox\code\mfc\cef\libcef_dll_wrapper\x64\debug\translator_test_ref_ptr_library_child_child_ctocpp.obj
c:\users\david.somekh\dropbox\code\mfc\cef\libcef_dll_wrapper\x64\debug\display_ctocpp.obj
c:\users\david.somekh\dropbox\code\mfc\cef\libcef_dll_wrapper\x64\debug\panel_ctocpp.obj
c:\users\david.somekh\dropbox\code\mfc\cef\libcef_dll_wrapper\x64\debug\x509certificate_ctocpp.obj
c:\users\david.somekh\dropbox\code\mfc\cef\libcef_dll_wrapper\x64\debug\translator_test_scoped_library_ctocpp.obj
c:\users\david.somekh\dropbox\code\mfc\cef\libcef_dll_wrapper\x64\debug\box_layout_ctocpp.obj
c:\users\david.somekh\dropbox\code\mfc\cef\libcef_dll_wrapper\x64\debug\menu_button_pressed_lock_ctocpp.obj
c:\users\david.somekh\dropbox\code\mfc\cef\libcef_dll_wrapper\x64\debug\libcef_dll_wrapper.obj
c:\users\david.somekh\dropbox\code\mfc\cef\libcef_dll_wrapper\x64\debug\translator_test_scoped_library_child_ctocpp.obj
c:\users\david.somekh\dropbox\code\mfc\cef\libcef_dll_wrapper\x64\debug\menu_button_ctocpp.obj
c:\users\david.somekh\dropbox\code\mfc\cef\libcef_dll_wrapper\x64\debug\x509cert_principal_ctocpp.obj
c:\users\david.somekh\dropbox\code\mfc\cef\libcef_dll_wrapper\x64\debug\translator_test_ref_ptr_library_ctocpp.obj
c:\users\david.somekh\dropbox\code\mfc\cef\libcef_dll_wrapper\x64\debug\button_ctocpp.obj
c:\users\david.somekh\dropbox\code\mfc\cef\libcef_dll_wrapper\x64\debug\view_ctocpp.obj
c:\users\david.somekh\dropbox\code\mfc\cef\libcef_dll_wrapper\x64\debug\translator_test_ctocpp.obj
c:\users\david.somekh\dropbox\code\mfc\cef\libcef_dll_wrapper\x64\debug\browser_view_ctocpp.obj
c:\users\david.somekh\dropbox\code\mfc\cef\libcef_dll_wrapper\x64\debug\textfield_ctocpp.obj
c:\users\david.somekh\dropbox\code\mfc\cef\libcef_dll_wrapper\x64\debug\zip_reader_ctocpp.obj
c:\users\david.somekh\dropbox\code\mfc\cef\libcef_dll_wrapper\x64\debug\translator_test_ref_ptr_library_child_ctocpp.obj
c:\users\david.somekh\dropbox\code\mfc\cef\libcef_dll_wrapper\x64\debug\fill_layout_ctocpp.obj
c:\users\david.somekh\dropbox\code\mfc\cef\libcef_dll_wrapper\x64\debug\scroll_view_ctocpp.obj
c:\users\david.somekh\dropbox\code\mfc\cef\libcef_dll_wrapper\x64\debug\xml_reader_ctocpp.obj
c:\users\david.somekh\dropbox\code\mfc\cef\libcef_dll_wrapper\x64\debug\translator_test_scoped_library_child_child_ctocpp.obj
c:\users\david.somekh\dropbox\code\mfc\cef\libcef_dll_wrapper\x64\debug\label_button_ctocpp.obj
c:\users\david.somekh\dropbox\code\mfc\cef\libcef_dll_wrapper\x64\debug\web_plugin_info_ctocpp.obj
c:\users\david.somekh\dropbox\code\mfc\cef\libcef_dll_wrapper\x64\debug\cef_atomicops_x86_gcc.obj
c:\users\david.somekh\dropbox\code\mfc\cef\libcef_dll_wrapper\x64\debug\cef_lock_impl.obj
c:\users\david.somekh\dropbox\code\mfc\cef\libcef_dll_wrapper\x64\debug\cef_callback_internal.obj
c:\users\david.somekh\dropbox\code\mfc\cef\libcef_dll_wrapper\x64\debug\cef_stream_resource_handler.obj
c:\users\david.somekh\dropbox\code\mfc\cef\libcef_dll_wrapper\x64\debug\cef_callback_helpers.obj
c:\users\david.somekh\dropbox\code\mfc\cef\libcef_dll_wrapper\x64\debug\cef_closure_task.obj
c:\users\david.somekh\dropbox\code\mfc\cef\libcef_dll_wrapper\x64\debug\cef_lock.obj
c:\users\david.somekh\dropbox\code\mfc\cef\libcef_dll_wrapper\x64\debug\cef_scoped_temp_dir.obj
c:\users\david.somekh\dropbox\code\mfc\cef\libcef_dll_wrapper\x64\debug\cef_weak_ptr.obj
c:\users\david.somekh\dropbox\code\mfc\cef\libcef_dll_wrapper\x64\debug\cef_xml_object.obj
c:\users\david.somekh\dropbox\code\mfc\cef\libcef_dll_wrapper\x64\debug\cef_logging.obj
c:\users\david.somekh\dropbox\code\mfc\cef\libcef_dll_wrapper\x64\debug\cef_zip_archive.obj
c:\users\david.somekh\dropbox\code\mfc\cef\libcef_dll_wrapper\x64\debug\cef_ref_counted.obj
c:\users\david.somekh\dropbox\code\mfc\cef\libcef_dll_wrapper\x64\debug\cef_byte_read_handler.obj
c:\users\david.somekh\dropbox\code\mfc\cef\libcef_dll_wrapper\x64\debug\cef_thread_checker_impl.obj
c:\users\david.somekh\dropbox\code\mfc\cef\libcef_dll_wrapper\x64\debug\cef_resource_manager.obj
c:\users\david.somekh\dropbox\code\mfc\cef\libcef_dll_wrapper\x64\debug\cef_bind_helpers.obj
c:\users\david.somekh\dropbox\code\mfc\cef\libcef_dll_wrapper\x64\debug\cef_message_router.obj
c:\users\david.somekh\dropbox\code\mfc\cef\build\libcef_dll_wrapper\cmakefiles\generate.stamp
c:\users\david.somekh\dropbox\code\mfc\cef\cefmfcdemo\debug\libcef_dll_wrapper.lib
c:\users\david.somekh\dropbox\code\mfc\cef\cefmfcdemo\debug\libcef_dll_wrapper.pdb
c:\users\david.somekh\dropbox\code\mfc\cef\libcef_dll_wrapper\x64\debug\libcef_d.2715f06a.tlog\cl.command.1.tlog
c:\users\david.somekh\dropbox\code\mfc\cef\libcef_dll_wrapper\x64\debug\libcef_d.2715f06a.tlog\cl.read.1.tlog
c:\users\david.somekh\dropbox\code\mfc\cef\libcef_dll_wrapper\x64\debug\libcef_d.2715f06a.tlog\cl.write.1.tlog
c:\users\david.somekh\dropbox\code\mfc\cef\libcef_dll_wrapper\x64\debug\libcef_d.2715f06a.tlog\custombuild.command.1.tlog
c:\users\david.somekh\dropbox\code\mfc\cef\libcef_dll_wrapper\x64\debug\libcef_d.2715f06a.tlog\custombuild.read.1.tlog
c:\users\david.somekh\dropbox\code\mfc\cef\libcef_dll_wrapper\x64\debug\libcef_d.2715f06a.tlog\custombuild.write.1.tlog
c:\users\david.somekh\dropbox\code\mfc\cef\libcef_dll_wrapper\x64\debug\libcef_d.2715f06a.tlog\lib-link.read.1.tlog
c:\users\david.somekh\dropbox\code\mfc\cef\libcef_dll_wrapper\x64\debug\libcef_d.2715f06a.tlog\lib-link.write.1.tlog
c:\users\david.somekh\dropbox\code\mfc\cef\libcef_dll_wrapper\x64\debug\libcef_d.2715f06a.tlog\lib.command.1.tlog
