c:\users\david.somekh\dropbox\code\mfc\cef\libcef_dll_wrapper\x64\release\cef_logging.obj
c:\users\david.somekh\dropbox\code\mfc\cef\libcef_dll_wrapper\x64\release\base_scoped_cpptoc.obj
c:\users\david.somekh\dropbox\code\mfc\cef\libcef_dll_wrapper\x64\release\cookie_visitor_cpptoc.obj
c:\users\david.somekh\dropbox\code\mfc\cef\libcef_dll_wrapper\x64\release\download_handler_cpptoc.obj
c:\users\david.somekh\dropbox\code\mfc\cef\libcef_dll_wrapper\x64\release\load_handler_cpptoc.obj
c:\users\david.somekh\dropbox\code\mfc\cef\libcef_dll_wrapper\x64\release\print_handler_cpptoc.obj
c:\users\david.somekh\dropbox\code\mfc\cef\libcef_dll_wrapper\x64\release\resource_request_handler_cpptoc.obj
c:\users\david.somekh\dropbox\code\mfc\cef\libcef_dll_wrapper\x64\release\translator_test_ref_ptr_client_cpptoc.obj
c:\users\david.somekh\dropbox\code\mfc\cef\libcef_dll_wrapper\x64\release\browser_view_delegate_cpptoc.obj
c:\users\david.somekh\dropbox\code\mfc\cef\libcef_dll_wrapper\x64\release\web_plugin_unstable_callback_cpptoc.obj
c:\users\david.somekh\dropbox\code\mfc\cef\libcef_dll_wrapper\x64\release\command_line_ctocpp.obj
c:\users\david.somekh\dropbox\code\mfc\cef\libcef_dll_wrapper\x64\release\download_item_ctocpp.obj
c:\users\david.somekh\dropbox\code\mfc\cef\libcef_dll_wrapper\x64\release\list_value_ctocpp.obj
c:\users\david.somekh\dropbox\code\mfc\cef\libcef_dll_wrapper\x64\release\print_dialog_callback_ctocpp.obj
c:\users\david.somekh\dropbox\code\mfc\cef\libcef_dll_wrapper\x64\release\resource_bundle_ctocpp.obj
c:\users\david.somekh\dropbox\code\mfc\cef\libcef_dll_wrapper\x64\release\select_client_certificate_callback_ctocpp.obj
c:\users\david.somekh\dropbox\code\mfc\cef\libcef_dll_wrapper\x64\release\translator_test_ref_ptr_library_child_child_ctocpp.obj
c:\users\david.somekh\dropbox\code\mfc\cef\libcef_dll_wrapper\x64\release\urlrequest_ctocpp.obj
c:\users\david.somekh\dropbox\code\mfc\cef\libcef_dll_wrapper\x64\release\browser_view_ctocpp.obj
c:\users\david.somekh\dropbox\code\mfc\cef\libcef_dll_wrapper\x64\release\window_ctocpp.obj
c:\users\david.somekh\dropbox\code\mfc\cef\libcef_dll_wrapper\x64\release\cef_closure_task.obj
c:\users\david.somekh\dropbox\code\mfc\cef\libcef_dll_wrapper\x64\release\libcef_dll_wrapper2.obj
c:\users\david.somekh\dropbox\code\mfc\cef\libcef_dll_wrapper\x64\release\cef_ref_counted.obj
c:\users\david.somekh\dropbox\code\mfc\cef\libcef_dll_wrapper\x64\release\base_ref_counted_cpptoc.obj
c:\users\david.somekh\dropbox\code\mfc\cef\libcef_dll_wrapper\x64\release\cookie_access_filter_cpptoc.obj
c:\users\david.somekh\dropbox\code\mfc\cef\libcef_dll_wrapper\x64\release\end_tracing_callback_cpptoc.obj
c:\users\david.somekh\dropbox\code\mfc\cef\libcef_dll_wrapper\x64\release\keyboard_handler_cpptoc.obj
c:\users\david.somekh\dropbox\code\mfc\cef\libcef_dll_wrapper\x64\release\pdf_print_callback_cpptoc.obj
c:\users\david.somekh\dropbox\code\mfc\cef\libcef_dll_wrapper\x64\release\resource_bundle_handler_cpptoc.obj
c:\users\david.somekh\dropbox\code\mfc\cef\libcef_dll_wrapper\x64\release\server_handler_cpptoc.obj
c:\users\david.somekh\dropbox\code\mfc\cef\libcef_dll_wrapper\x64\release\urlrequest_client_cpptoc.obj
c:\users\david.somekh\dropbox\code\mfc\cef\libcef_dll_wrapper\x64\release\panel_delegate_cpptoc.obj
c:\users\david.somekh\dropbox\code\mfc\cef\libcef_dll_wrapper\x64\release\before_download_callback_ctocpp.obj
c:\users\david.somekh\dropbox\code\mfc\cef\libcef_dll_wrapper\x64\release\dictionary_value_ctocpp.obj
c:\users\david.somekh\dropbox\code\mfc\cef\libcef_dll_wrapper\x64\release\frame_ctocpp.obj
c:\users\david.somekh\dropbox\code\mfc\cef\libcef_dll_wrapper\x64\release\menu_model_ctocpp.obj
c:\users\david.somekh\dropbox\code\mfc\cef\libcef_dll_wrapper\x64\release\registration_ctocpp.obj
c:\users\david.somekh\dropbox\code\mfc\cef\libcef_dll_wrapper\x64\release\run_context_menu_callback_ctocpp.obj
c:\users\david.somekh\dropbox\code\mfc\cef\libcef_dll_wrapper\x64\release\task_runner_ctocpp.obj
c:\users\david.somekh\dropbox\code\mfc\cef\libcef_dll_wrapper\x64\release\thread_ctocpp.obj
c:\users\david.somekh\dropbox\code\mfc\cef\libcef_dll_wrapper\x64\release\box_layout_ctocpp.obj
c:\users\david.somekh\dropbox\code\mfc\cef\libcef_dll_wrapper\x64\release\menu_button_pressed_lock_ctocpp.obj
c:\users\david.somekh\dropbox\code\mfc\cef\libcef_dll_wrapper\x64\release\web_plugin_info_ctocpp.obj
c:\users\david.somekh\dropbox\code\mfc\cef\libcef_dll_wrapper\x64\release\transfer_util.obj
c:\users\david.somekh\dropbox\code\mfc\cef\libcef_dll_wrapper\x64\release\cef_xml_object.obj
c:\users\david.somekh\dropbox\code\mfc\cef\libcef_dll_wrapper\x64\release\cef_callback_helpers.obj
c:\users\david.somekh\dropbox\code\mfc\cef\libcef_dll_wrapper\x64\release\browser_process_handler_cpptoc.obj
c:\users\david.somekh\dropbox\code\mfc\cef\libcef_dll_wrapper\x64\release\dev_tools_message_observer_cpptoc.obj
c:\users\david.somekh\dropbox\code\mfc\cef\libcef_dll_wrapper\x64\release\extension_handler_cpptoc.obj
c:\users\david.somekh\dropbox\code\mfc\cef\libcef_dll_wrapper\x64\release\media_observer_cpptoc.obj
c:\users\david.somekh\dropbox\code\mfc\cef\libcef_dll_wrapper\x64\release\render_handler_cpptoc.obj
c:\users\david.somekh\dropbox\code\mfc\cef\libcef_dll_wrapper\x64\release\response_filter_cpptoc.obj
c:\users\david.somekh\dropbox\code\mfc\cef\libcef_dll_wrapper\x64\release\translator_test_ref_ptr_client_child_cpptoc.obj
c:\users\david.somekh\dropbox\code\mfc\cef\libcef_dll_wrapper\x64\release\v8interceptor_cpptoc.obj
c:\users\david.somekh\dropbox\code\mfc\cef\libcef_dll_wrapper\x64\release\web_plugin_info_visitor_cpptoc.obj
c:\users\david.somekh\dropbox\code\mfc\cef\libcef_dll_wrapper\x64\release\browser_ctocpp.obj
c:\users\david.somekh\dropbox\code\mfc\cef\libcef_dll_wrapper\x64\release\download_item_callback_ctocpp.obj
c:\users\david.somekh\dropbox\code\mfc\cef\libcef_dll_wrapper\x64\release\jsdialog_callback_ctocpp.obj
c:\users\david.somekh\dropbox\code\mfc\cef\libcef_dll_wrapper\x64\release\post_data_ctocpp.obj
c:\users\david.somekh\dropbox\code\mfc\cef\libcef_dll_wrapper\x64\release\request_ctocpp.obj
c:\users\david.somekh\dropbox\code\mfc\cef\libcef_dll_wrapper\x64\release\server_ctocpp.obj
c:\users\david.somekh\dropbox\code\mfc\cef\libcef_dll_wrapper\x64\release\translator_test_ref_ptr_library_child_ctocpp.obj
c:\users\david.somekh\dropbox\code\mfc\cef\libcef_dll_wrapper\x64\release\v8context_ctocpp.obj
c:\users\david.somekh\dropbox\code\mfc\cef\libcef_dll_wrapper\x64\release\fill_layout_ctocpp.obj
c:\users\david.somekh\dropbox\code\mfc\cef\libcef_dll_wrapper\x64\release\panel_ctocpp.obj
c:\users\david.somekh\dropbox\code\mfc\cef\libcef_dll_wrapper\x64\release\x509certificate_ctocpp.obj
c:\users\david.somekh\dropbox\code\mfc\cef\libcef_dll_wrapper\x64\release\cef_scoped_temp_dir.obj
c:\users\david.somekh\dropbox\code\mfc\cef\libcef_dll_wrapper\x64\release\cef_lock.obj
c:\users\david.somekh\dropbox\code\mfc\cef\libcef_dll_wrapper\x64\release\accessibility_handler_cpptoc.obj
c:\users\david.somekh\dropbox\code\mfc\cef\libcef_dll_wrapper\x64\release\context_menu_handler_cpptoc.obj
c:\users\david.somekh\dropbox\code\mfc\cef\libcef_dll_wrapper\x64\release\drag_handler_cpptoc.obj
c:\users\david.somekh\dropbox\code\mfc\cef\libcef_dll_wrapper\x64\release\media_route_create_callback_cpptoc.obj
c:\users\david.somekh\dropbox\code\mfc\cef\libcef_dll_wrapper\x64\release\register_cdm_callback_cpptoc.obj
c:\users\david.somekh\dropbox\code\mfc\cef\libcef_dll_wrapper\x64\release\resource_handler_cpptoc.obj
c:\users\david.somekh\dropbox\code\mfc\cef\libcef_dll_wrapper\x64\release\string_visitor_cpptoc.obj
c:\users\david.somekh\dropbox\code\mfc\cef\libcef_dll_wrapper\x64\release\v8array_buffer_release_callback_cpptoc.obj
c:\users\david.somekh\dropbox\code\mfc\cef\libcef_dll_wrapper\x64\release\textfield_delegate_cpptoc.obj
c:\users\david.somekh\dropbox\code\mfc\cef\libcef_dll_wrapper\x64\release\binary_value_ctocpp.obj
c:\users\david.somekh\dropbox\code\mfc\cef\libcef_dll_wrapper\x64\release\domdocument_ctocpp.obj
c:\users\david.somekh\dropbox\code\mfc\cef\libcef_dll_wrapper\x64\release\get_extension_resource_callback_ctocpp.obj
c:\users\david.somekh\dropbox\code\mfc\cef\libcef_dll_wrapper\x64\release\media_source_ctocpp.obj
c:\users\david.somekh\dropbox\code\mfc\cef\libcef_dll_wrapper\x64\release\process_message_ctocpp.obj
c:\users\david.somekh\dropbox\code\mfc\cef\libcef_dll_wrapper\x64\release\response_ctocpp.obj
c:\users\david.somekh\dropbox\code\mfc\cef\libcef_dll_wrapper\x64\release\stream_writer_ctocpp.obj
c:\users\david.somekh\dropbox\code\mfc\cef\libcef_dll_wrapper\x64\release\translator_test_scoped_library_ctocpp.obj
c:\users\david.somekh\dropbox\code\mfc\cef\libcef_dll_wrapper\x64\release\value_ctocpp.obj
c:\users\david.somekh\dropbox\code\mfc\cef\libcef_dll_wrapper\x64\release\menu_button_ctocpp.obj
c:\users\david.somekh\dropbox\code\mfc\cef\libcef_dll_wrapper\x64\release\x509cert_principal_ctocpp.obj
c:\users\david.somekh\dropbox\code\mfc\cef\libcef_dll_wrapper\x64\release\cef_message_router.obj
c:\users\david.somekh\dropbox\code\mfc\cef\libcef_dll_wrapper\x64\release\cef_lock_impl.obj
c:\users\david.somekh\dropbox\code\mfc\cef\libcef_dll_wrapper\x64\release\cef_string16.obj
c:\users\david.somekh\dropbox\code\mfc\cef\libcef_dll_wrapper\x64\release\cef_weak_ptr.obj
c:\users\david.somekh\dropbox\code\mfc\cef\libcef_dll_wrapper\x64\release\completion_callback_cpptoc.obj
c:\users\david.somekh\dropbox\code\mfc\cef\libcef_dll_wrapper\x64\release\domvisitor_cpptoc.obj
c:\users\david.somekh\dropbox\code\mfc\cef\libcef_dll_wrapper\x64\release\jsdialog_handler_cpptoc.obj
c:\users\david.somekh\dropbox\code\mfc\cef\libcef_dll_wrapper\x64\release\navigation_entry_visitor_cpptoc.obj
c:\users\david.somekh\dropbox\code\mfc\cef\libcef_dll_wrapper\x64\release\request_handler_cpptoc.obj
c:\users\david.somekh\dropbox\code\mfc\cef\libcef_dll_wrapper\x64\release\task_cpptoc.obj
c:\users\david.somekh\dropbox\code\mfc\cef\libcef_dll_wrapper\x64\release\v8handler_cpptoc.obj
c:\users\david.somekh\dropbox\code\mfc\cef\libcef_dll_wrapper\x64\release\window_delegate_cpptoc.obj
c:\users\david.somekh\dropbox\code\mfc\cef\libcef_dll_wrapper\x64\release\callback_ctocpp.obj
c:\users\david.somekh\dropbox\code\mfc\cef\libcef_dll_wrapper\x64\release\domnode_ctocpp.obj
c:\users\david.somekh\dropbox\code\mfc\cef\libcef_dll_wrapper\x64\release\image_ctocpp.obj
c:\users\david.somekh\dropbox\code\mfc\cef\libcef_dll_wrapper\x64\release\navigation_entry_ctocpp.obj
c:\users\david.somekh\dropbox\code\mfc\cef\libcef_dll_wrapper\x64\release\request_context_ctocpp.obj
c:\users\david.somekh\dropbox\code\mfc\cef\libcef_dll_wrapper\x64\release\sslinfo_ctocpp.obj
c:\users\david.somekh\dropbox\code\mfc\cef\libcef_dll_wrapper\x64\release\translator_test_ref_ptr_library_ctocpp.obj
c:\users\david.somekh\dropbox\code\mfc\cef\libcef_dll_wrapper\x64\release\v8stack_frame_ctocpp.obj
c:\users\david.somekh\dropbox\code\mfc\cef\libcef_dll_wrapper\x64\release\display_ctocpp.obj
c:\users\david.somekh\dropbox\code\mfc\cef\libcef_dll_wrapper\x64\release\scroll_view_ctocpp.obj
c:\users\david.somekh\dropbox\code\mfc\cef\libcef_dll_wrapper\x64\release\xml_reader_ctocpp.obj
c:\users\david.somekh\dropbox\code\mfc\cef\libcef_dll_wrapper\x64\release\cef_stream_resource_handler.obj
c:\users\david.somekh\dropbox\code\mfc\cef\libcef_dll_wrapper\x64\release\cef_callback_internal.obj
c:\users\david.somekh\dropbox\code\mfc\cef\libcef_dll_wrapper\x64\release\audio_handler_cpptoc.obj
c:\users\david.somekh\dropbox\code\mfc\cef\libcef_dll_wrapper\x64\release\dialog_handler_cpptoc.obj
c:\users\david.somekh\dropbox\code\mfc\cef\libcef_dll_wrapper\x64\release\find_handler_cpptoc.obj
c:\users\david.somekh\dropbox\code\mfc\cef\libcef_dll_wrapper\x64\release\media_sink_device_info_callback_cpptoc.obj
c:\users\david.somekh\dropbox\code\mfc\cef\libcef_dll_wrapper\x64\release\render_process_handler_cpptoc.obj
c:\users\david.somekh\dropbox\code\mfc\cef\libcef_dll_wrapper\x64\release\run_file_dialog_callback_cpptoc.obj
c:\users\david.somekh\dropbox\code\mfc\cef\libcef_dll_wrapper\x64\release\translator_test_scoped_client_child_cpptoc.obj
c:\users\david.somekh\dropbox\code\mfc\cef\libcef_dll_wrapper\x64\release\button_delegate_cpptoc.obj
c:\users\david.somekh\dropbox\code\mfc\cef\libcef_dll_wrapper\x64\release\write_handler_cpptoc.obj
c:\users\david.somekh\dropbox\code\mfc\cef\libcef_dll_wrapper\x64\release\context_menu_params_ctocpp.obj
c:\users\david.somekh\dropbox\code\mfc\cef\libcef_dll_wrapper\x64\release\extension_ctocpp.obj
c:\users\david.somekh\dropbox\code\mfc\cef\libcef_dll_wrapper\x64\release\media_sink_ctocpp.obj
c:\users\david.somekh\dropbox\code\mfc\cef\libcef_dll_wrapper\x64\release\print_settings_ctocpp.obj
c:\users\david.somekh\dropbox\code\mfc\cef\libcef_dll_wrapper\x64\release\resource_skip_callback_ctocpp.obj
c:\users\david.somekh\dropbox\code\mfc\cef\libcef_dll_wrapper\x64\release\stream_reader_ctocpp.obj
c:\users\david.somekh\dropbox\code\mfc\cef\libcef_dll_wrapper\x64\release\translator_test_scoped_library_child_child_ctocpp.obj
c:\users\david.somekh\dropbox\code\mfc\cef\libcef_dll_wrapper\x64\release\v8stack_trace_ctocpp.obj
c:\users\david.somekh\dropbox\code\mfc\cef\libcef_dll_wrapper\x64\release\label_button_ctocpp.obj
c:\users\david.somekh\dropbox\code\mfc\cef\libcef_dll_wrapper\x64\release\waitable_event_ctocpp.obj
c:\users\david.somekh\dropbox\code\mfc\cef\libcef_dll_wrapper\x64\release\zip_reader_ctocpp.obj
c:\users\david.somekh\dropbox\code\mfc\cef\libcef_dll_wrapper\x64\release\cef_zip_archive.obj
c:\users\david.somekh\dropbox\code\mfc\cef\libcef_dll_wrapper\x64\release\cef_atomicops_x86_gcc.obj
c:\users\david.somekh\dropbox\code\mfc\cef\libcef_dll_wrapper\x64\release\cef_thread_checker_impl.obj
c:\users\david.somekh\dropbox\code\mfc\cef\libcef_dll_wrapper\x64\release\client_cpptoc.obj
c:\users\david.somekh\dropbox\code\mfc\cef\libcef_dll_wrapper\x64\release\display_handler_cpptoc.obj
c:\users\david.somekh\dropbox\code\mfc\cef\libcef_dll_wrapper\x64\release\focus_handler_cpptoc.obj
c:\users\david.somekh\dropbox\code\mfc\cef\libcef_dll_wrapper\x64\release\menu_model_delegate_cpptoc.obj
c:\users\david.somekh\dropbox\code\mfc\cef\libcef_dll_wrapper\x64\release\request_context_handler_cpptoc.obj
c:\users\david.somekh\dropbox\code\mfc\cef\libcef_dll_wrapper\x64\release\scheme_handler_factory_cpptoc.obj
c:\users\david.somekh\dropbox\code\mfc\cef\libcef_dll_wrapper\x64\release\v8accessor_cpptoc.obj
c:\users\david.somekh\dropbox\code\mfc\cef\libcef_dll_wrapper\x64\release\view_delegate_cpptoc.obj
c:\users\david.somekh\dropbox\code\mfc\cef\libcef_dll_wrapper\x64\release\browser_host_ctocpp.obj
c:\users\david.somekh\dropbox\code\mfc\cef\libcef_dll_wrapper\x64\release\drag_data_ctocpp.obj
c:\users\david.somekh\dropbox\code\mfc\cef\libcef_dll_wrapper\x64\release\media_route_ctocpp.obj
c:\users\david.somekh\dropbox\code\mfc\cef\libcef_dll_wrapper\x64\release\post_data_element_ctocpp.obj
c:\users\david.somekh\dropbox\code\mfc\cef\libcef_dll_wrapper\x64\release\request_callback_ctocpp.obj
c:\users\david.somekh\dropbox\code\mfc\cef\libcef_dll_wrapper\x64\release\scheme_registrar_ctocpp.obj
c:\users\david.somekh\dropbox\code\mfc\cef\libcef_dll_wrapper\x64\release\translator_test_ctocpp.obj
c:\users\david.somekh\dropbox\code\mfc\cef\libcef_dll_wrapper\x64\release\v8exception_ctocpp.obj
c:\users\david.somekh\dropbox\code\mfc\cef\libcef_dll_wrapper\x64\release\button_ctocpp.obj
c:\users\david.somekh\dropbox\code\mfc\cef\libcef_dll_wrapper\x64\release\textfield_ctocpp.obj
c:\users\david.somekh\dropbox\code\mfc\cef\libcef_dll_wrapper\x64\release\shutdown_checker.obj
c:\users\david.somekh\dropbox\code\mfc\cef\libcef_dll_wrapper\x64\release\cef_resource_manager.obj
c:\users\david.somekh\dropbox\code\mfc\cef\libcef_dll_wrapper\x64\release\cef_bind_helpers.obj
c:\users\david.somekh\dropbox\code\mfc\cef\libcef_dll_wrapper\x64\release\app_cpptoc.obj
c:\users\david.somekh\dropbox\code\mfc\cef\libcef_dll_wrapper\x64\release\delete_cookies_callback_cpptoc.obj
c:\users\david.somekh\dropbox\code\mfc\cef\libcef_dll_wrapper\x64\release\download_image_callback_cpptoc.obj
c:\users\david.somekh\dropbox\code\mfc\cef\libcef_dll_wrapper\x64\release\life_span_handler_cpptoc.obj
c:\users\david.somekh\dropbox\code\mfc\cef\libcef_dll_wrapper\x64\release\read_handler_cpptoc.obj
c:\users\david.somekh\dropbox\code\mfc\cef\libcef_dll_wrapper\x64\release\resolve_callback_cpptoc.obj
c:\users\david.somekh\dropbox\code\mfc\cef\libcef_dll_wrapper\x64\release\set_cookie_callback_cpptoc.obj
c:\users\david.somekh\dropbox\code\mfc\cef\libcef_dll_wrapper\x64\release\translator_test_scoped_client_cpptoc.obj
c:\users\david.somekh\dropbox\code\mfc\cef\libcef_dll_wrapper\x64\release\menu_button_delegate_cpptoc.obj
c:\users\david.somekh\dropbox\code\mfc\cef\libcef_dll_wrapper\x64\release\auth_callback_ctocpp.obj
c:\users\david.somekh\dropbox\code\mfc\cef\libcef_dll_wrapper\x64\release\cookie_manager_ctocpp.obj
c:\users\david.somekh\dropbox\code\mfc\cef\libcef_dll_wrapper\x64\release\file_dialog_callback_ctocpp.obj
c:\users\david.somekh\dropbox\code\mfc\cef\libcef_dll_wrapper\x64\release\media_router_ctocpp.obj
c:\users\david.somekh\dropbox\code\mfc\cef\libcef_dll_wrapper\x64\release\print_job_callback_ctocpp.obj
c:\users\david.somekh\dropbox\code\mfc\cef\libcef_dll_wrapper\x64\release\resource_read_callback_ctocpp.obj
c:\users\david.somekh\dropbox\code\mfc\cef\libcef_dll_wrapper\x64\release\sslstatus_ctocpp.obj
c:\users\david.somekh\dropbox\code\mfc\cef\libcef_dll_wrapper\x64\release\translator_test_scoped_library_child_ctocpp.obj
c:\users\david.somekh\dropbox\code\mfc\cef\libcef_dll_wrapper\x64\release\v8value_ctocpp.obj
c:\users\david.somekh\dropbox\code\mfc\cef\libcef_dll_wrapper\x64\release\layout_ctocpp.obj
c:\users\david.somekh\dropbox\code\mfc\cef\libcef_dll_wrapper\x64\release\view_ctocpp.obj
c:\users\david.somekh\dropbox\code\mfc\cef\libcef_dll_wrapper\x64\release\cef_byte_read_handler.obj
c:\users\david.somekh\dropbox\code\mfc\cef\libcef_dll_wrapper\x64\release\libcef_dll_wrapper.obj
c:\users\david.somekh\dropbox\code\mfc\cef\libcef_dll_wrapper\x64\release\libcef_dll_wrapper.pdb
c:\cef\build\libcef_dll_wrapper\cmakefiles\generate.stamp
c:\cef\build\x64\release\libcef_dll_wrapper.lib
c:\users\david.somekh\dropbox\code\mfc\cef\cefmfcdemo\release\libcef_dll_wrapper.lib
c:\users\david.somekh\dropbox\code\mfc\cef\libcef_dll_wrapper\x64\release\libcef_d.2715f06a.tlog\cl.command.1.tlog
c:\users\david.somekh\dropbox\code\mfc\cef\libcef_dll_wrapper\x64\release\libcef_d.2715f06a.tlog\cl.read.1.tlog
c:\users\david.somekh\dropbox\code\mfc\cef\libcef_dll_wrapper\x64\release\libcef_d.2715f06a.tlog\cl.write.1.tlog
c:\users\david.somekh\dropbox\code\mfc\cef\libcef_dll_wrapper\x64\release\libcef_d.2715f06a.tlog\custombuild.command.1.tlog
c:\users\david.somekh\dropbox\code\mfc\cef\libcef_dll_wrapper\x64\release\libcef_d.2715f06a.tlog\custombuild.read.1.tlog
c:\users\david.somekh\dropbox\code\mfc\cef\libcef_dll_wrapper\x64\release\libcef_d.2715f06a.tlog\custombuild.write.1.tlog
c:\users\david.somekh\dropbox\code\mfc\cef\libcef_dll_wrapper\x64\release\libcef_d.2715f06a.tlog\lib-link.read.1.tlog
c:\users\david.somekh\dropbox\code\mfc\cef\libcef_dll_wrapper\x64\release\libcef_d.2715f06a.tlog\lib-link.write.1.tlog
c:\users\david.somekh\dropbox\code\mfc\cef\libcef_dll_wrapper\x64\release\libcef_d.2715f06a.tlog\lib.command.1.tlog
